<?xml version="1.0" encoding="UTF-8"?>
<testsuite xmlns:xsi="http://www.w3.org/2001/XMLSchema-instance" xsi:noNamespaceSchemaLocation="https://maven.apache.org/surefire/maven-surefire-plugin/xsd/surefire-test-report-3.0.xsd" version="3.0" name="java_web.configclient2.ConfigClient2ApplicationTests" time="8.675" tests="1" errors="0" skipped="0" failures="0">
  <properties>
[...]
</properties>
  <testcase name="contextLoads" classname="java_web.configclient2.ConfigClient2ApplicationTests" time="1.398">
    <system-out><![CDATA[12:10:07.575 [main] INFO org.springframework.test.context.support.AnnotationConfigContextLoaderUtils -- Could not detect default configuration classes for test class [java_web.configclient2.ConfigClient2ApplicationTests]: ConfigClient2ApplicationTests does not declare any static, non-private, non-final, nested classes annotated with @Configuration.
12:10:07.689 [main] INFO org.springframework.boot.test.context.SpringBootTestContextBootstrapper -- Found @SpringBootConfiguration java_web.configclient2.ConfigClient2Application for test class java_web.configclient2.ConfigClient2ApplicationTests
2025-03-20T12:10:09.736+08:00  INFO 7752 --- [ConfigClient2] [           main] c.a.nacos.client.logging.NacosLogging    : Nacos Logging Adapter Builder: com.alibaba.nacos.logger.adapter.logback12.LogbackNacosLoggingAdapterBuilder
2025-03-20T12:10:09.763+08:00  INFO 7752 --- [ConfigClient2] [           main] c.a.nacos.client.logging.NacosLogging    : Nacos Logging Adapter Builder: com.alibaba.nacos.logger.adapter.logback14.LogbackNacosLoggingAdapterBuilder
2025-03-20T12:10:09.764+08:00  INFO 7752 --- [ConfigClient2] [           main] c.a.nacos.client.logging.NacosLogging    : Nacos Logging Adapter: com.alibaba.nacos.logger.adapter.logback14.LogbackNacosLoggingAdapter match ch.qos.logback.classic.Logger success.
2025-03-20T12:10:09.771+08:00  INFO 7752 --- [ConfigClient2] [           main] c.a.nacos.client.logging.NacosLogging    : Nacos Logging Adapter Builder: com.alibaba.nacos.logger.adapter.log4j2.Log4j2NacosLoggingAdapterBuilder
2025-03-20T12:10:09.980+08:00  INFO 7752 --- [ConfigClient2] [           main] o.s.c.c.c.ConfigServerConfigDataLoader   : Fetching config from server at : http://192.168.127.142:8888
2025-03-20T12:10:09.980+08:00  INFO 7752 --- [ConfigClient2] [           main] o.s.c.c.c.ConfigServerConfigDataLoader   : Located environment: name=app-pro, profiles=[test], label=main, version=5f14f0fdf29d3ed8e7f4cfe7d64fc6a1f3c62071, state=

  .   ____          _            __ _ _
 /\\ / ___'_ __ _ _(_)_ __  __ _ \ \ \ \
( ( )\___ | '_ | '_| | '_ \/ _` | \ \ \ \
 \\/  ___)| |_)| | | | | || (_| |  ) ) ) )
  '  |____| .__|_| |_|_| |_\__, | / / / /
 =========|_|==============|___/=/_/_/_/
 :: Spring Boot ::                (v3.2.3)

2025-03-20T12:10:11.268+08:00  INFO 7752 --- [ConfigClient2] [           main] c.c.c.ConfigServicePropertySourceLocator : Fetching config from server at : http://192.168.127.142:8888
2025-03-20T12:10:11.847+08:00  INFO 7752 --- [ConfigClient2] [           main] c.c.c.ConfigServicePropertySourceLocator : Located environment: name=app-pro, profiles=[test], label=main, version=5f14f0fdf29d3ed8e7f4cfe7d64fc6a1f3c62071, state=
2025-03-20T12:10:11.849+08:00  INFO 7752 --- [ConfigClient2] [           main] b.c.PropertySourceBootstrapConfiguration : Located property source: [BootstrapPropertySource {name='bootstrapProperties-configClient'}, BootstrapPropertySource {name='bootstrapProperties-http://192.168.127.142:9009/bestgroup/testdev.git/props/app-pro.yml'}]
2025-03-20T12:10:11.884+08:00  INFO 7752 --- [ConfigClient2] [           main] j.c.ConfigClient2ApplicationTests        : The following 1 profile is active: "test"
2025-03-20T12:10:11.888+08:00  INFO 7752 --- [ConfigClient2] [           main] o.s.c.c.c.ConfigServerConfigDataLoader   : Fetching config from server at : http://192.168.127.142:8888
2025-03-20T12:10:11.889+08:00  INFO 7752 --- [ConfigClient2] [           main] o.s.c.c.c.ConfigServerConfigDataLoader   : Located environment: name=app-pro, profiles=[test], label=main, version=5f14f0fdf29d3ed8e7f4cfe7d64fc6a1f3c62071, state=
2025-03-20T12:10:12.582+08:00  INFO 7752 --- [ConfigClient2] [           main] o.s.cloud.context.scope.GenericScope     : BeanFactory id=54bd354d-f419-3571-b9b0-e4b612b6a4b6
2025-03-20T12:10:14.636+08:00  INFO 7752 --- [ConfigClient2] [           main] j.c.ConfigClient2ApplicationTests        : Started ConfigClient2ApplicationTests in 6.752 seconds (process running for 7.827)
]]></system-out>
  </testcase>
</testsuite>